0 info it worked if it ends with ok
1 verbose cli [ '/Users/caesarchi/.nvm/v0.10.26/bin/node',
1 verbose cli   '/Users/caesarchi/.nvm/v0.10.26/bin/npm',
1 verbose cli   'run',
1 verbose cli   'page' ]
2 info using npm@1.4.3
3 info using node@v0.10.26
4 verbose run-script [ 'prepage', 'page', 'postpage' ]
5 info prepage caesarchi-com@0.5.0
6 info page caesarchi-com@0.5.0
7 verbose unsafe-perm in lifecycle true
8 info caesarchi-com@0.5.0 Failed to exec page script
9 error caesarchi-com@0.5.0 page: `cp -r dist/* ./. && git checkout gh-pages`
9 error Exit status 1
10 error Failed at the caesarchi-com@0.5.0 page script.
10 error This is most likely a problem with the caesarchi-com package,
10 error not with npm itself.
10 error Tell the author that this fails on your system:
10 error     cp -r dist/* ./. && git checkout gh-pages
10 error You can get their info via:
10 error     npm owner ls caesarchi-com
10 error There is likely additional logging output above.
11 error System Darwin 14.0.0
12 error command "/Users/caesarchi/.nvm/v0.10.26/bin/node" "/Users/caesarchi/.nvm/v0.10.26/bin/npm" "run" "page"
13 error cwd /Users/caesarchi/workspace/clonn/caesarchi.com
14 error node -v v0.10.26
15 error npm -v 1.4.3
16 error code ELIFECYCLE
17 verbose exit [ 1, true ]
